<?xml version="1.0" encoding="UTF-8"?>
<testng-results skipped="0" failed="0" ignored="0" total="1" passed="1">
  <reporter-output>
  </reporter-output>
  <suite name="Default suite" duration-ms="4724" started-at="2020-07-13T10:23:54Z" finished-at="2020-07-13T10:23:59Z">
    <groups>
    </groups>
    <test name="Default test" duration-ms="4724" started-at="2020-07-13T10:23:54Z" finished-at="2020-07-13T10:23:59Z">
      <class name="com.qa.testcases.LoginTest">
        <test-method status="PASS" signature="setUp()[pri:0, instance:com.qa.testcases.LoginTest@44c03695]" name="setUp" is-config="true" duration-ms="9549" started-at="2020-07-13T15:53:44Z" finished-at="2020-07-13T15:53:54Z">
          <reporter-output>
          </reporter-output>
        </test-method> <!-- setUp -->
        <test-method status="PASS" signature="loginTest()[pri:0, instance:com.qa.testcases.LoginTest@44c03695]" name="loginTest" duration-ms="4698" started-at="2020-07-13T15:53:54Z" finished-at="2020-07-13T15:53:59Z">
          <reporter-output>
          </reporter-output>
        </test-method> <!-- loginTest -->
        <test-method status="PASS" signature="tearDown()[pri:0, instance:com.qa.testcases.LoginTest@44c03695]" name="tearDown" is-config="true" duration-ms="876" started-at="2020-07-13T15:53:59Z" finished-at="2020-07-13T15:53:59Z">
          <reporter-output>
          </reporter-output>
        </test-method> <!-- tearDown -->
      </class> <!-- com.qa.testcases.LoginTest -->
    </test> <!-- Default test -->
  </suite> <!-- Default suite -->
</testng-results>
